<?xml version="1.0" encoding="UTF-8"?>
<!-- Generated by org.testng.reporters.JUnitReportReporter -->
<testsuite hostname="DESKTOP-GC3BCR1" failures="0" tests="2" name="com.test.AppTest" time="0.010" errors="0" timestamp="2023-06-16T11:15:10 IST" skipped="0">
  <testcase classname="com.test.AppTest" name="testlogin1" time="0.009"/>
  <system-out/>
  <testcase classname="com.test.AppTest" name="testlogin2" time="0.001"/>
  <system-out/>
</testsuite> <!-- com.test.AppTest -->
